c:\users\waila\documents\github\themaopdracht-5\gameproject\debug\vc140.pdb
c:\users\waila\documents\github\themaopdracht-5\gameproject\debug\vc140.idb
c:\users\waila\documents\github\themaopdracht-5\gameproject\debug\button.obj
c:\users\waila\documents\github\themaopdracht-5\gameproject\debug\commandqueue.obj
c:\users\waila\documents\github\themaopdracht-5\gameproject\debug\game.obj
c:\users\waila\documents\github\themaopdracht-5\gameproject\debug\gameobject.obj
c:\users\waila\documents\github\themaopdracht-5\gameproject\debug\holygrail.obj
c:\users\waila\documents\github\themaopdracht-5\gameproject\debug\inputhandler.obj
c:\users\waila\documents\github\themaopdracht-5\gameproject\debug\main.obj
c:\users\waila\documents\github\themaopdracht-5\gameproject\debug\menubutton.obj
c:\users\waila\documents\github\themaopdracht-5\gameproject\debug\music.obj
c:\users\waila\documents\github\themaopdracht-5\gameproject\debug\player.obj
c:\users\waila\documents\github\themaopdracht-5\gameproject\debug\playerbutton.obj
c:\users\waila\documents\github\themaopdracht-5\gameproject\debug\playerobject.obj
c:\users\waila\documents\github\themaopdracht-5\gameproject\debug\readinput.obj
c:\users\waila\documents\github\themaopdracht-5\gameproject\debug\resource.obj
c:\users\waila\documents\github\themaopdracht-5\gameproject\debug\soldier.obj
c:\users\waila\documents\github\themaopdracht-5\gameproject\debug\sound.obj
c:\users\waila\documents\github\themaopdracht-5\gameproject\debug\terrain.obj
c:\users\waila\documents\github\themaopdracht-5\gameproject\debug\unit.obj
c:\users\waila\documents\github\themaopdracht-5\gameproject\debug\unitbutton.obj
c:\users\waila\documents\github\themaopdracht-5\gameproject\debug\v2functions.obj
c:\users\waila\documents\github\themaopdracht-5\gameproject\debug\bomber.obj
c:\users\waila\documents\github\themaopdracht-5\gameproject\debug\building.obj
c:\users\waila\documents\github\themaopdracht-5\gameproject\debug\subunits.obj
c:\users\waila\documents\github\themaopdracht-5\debug\gameproject.ilk
c:\users\waila\documents\github\themaopdracht-5\debug\gameproject.exe
c:\users\waila\documents\github\themaopdracht-5\debug\gameproject.pdb
c:\users\waila\documents\github\themaopdracht-5\gameproject\debug\gameproject.tlog\cl.command.1.tlog
c:\users\waila\documents\github\themaopdracht-5\gameproject\debug\gameproject.tlog\cl.read.1.tlog
c:\users\waila\documents\github\themaopdracht-5\gameproject\debug\gameproject.tlog\cl.write.1.tlog
c:\users\waila\documents\github\themaopdracht-5\gameproject\debug\gameproject.tlog\link-cvtres.read.1.tlog
c:\users\waila\documents\github\themaopdracht-5\gameproject\debug\gameproject.tlog\link-cvtres.write.1.tlog
c:\users\waila\documents\github\themaopdracht-5\gameproject\debug\gameproject.tlog\link-rc.read.1.tlog
c:\users\waila\documents\github\themaopdracht-5\gameproject\debug\gameproject.tlog\link-rc.write.1.tlog
c:\users\waila\documents\github\themaopdracht-5\gameproject\debug\gameproject.tlog\link.command.1.tlog
c:\users\waila\documents\github\themaopdracht-5\gameproject\debug\gameproject.tlog\link.read.1.tlog
c:\users\waila\documents\github\themaopdracht-5\gameproject\debug\gameproject.tlog\link.write.1.tlog
