<<<<<<< HEAD
﻿Build started 7-10-2015 13:18:30.
     1>Project "C:\Users\Zehna\Documents\Visual Studio 2015\Projects\gameprojectGit\gameproject\gameproject.vcxproj" on node 2 (Build target(s)).
=======
﻿Build started 10/6/2015 4:34:35 PM.
     1>Project "C:\Users\Remco\Documents\GitHub\Themaopdracht-5\gameproject\gameproject.vcxproj" on node 2 (Build target(s)).
>>>>>>> master
     1>ClCompile:
         C:\Program Files (x86)\Microsoft Visual Studio 14.0\VC\bin\CL.exe /c /IC:/SFML/include /ZI /nologo /W3 /WX /sdl /Od /Oy- /D _MBCS /Gm /EHsc /RTC1 /MDd /GS /fp:precise /Zc:wchar_t /Zc:forScope /Zc:inline /Fo"Debug\\" /Fd"Debug\vc140.pdb" /Gd /TP /analyze- /errorReport:prompt Game.cpp
         Game.cpp
       Link:
<<<<<<< HEAD
         C:\Program Files (x86)\Microsoft Visual Studio 14.0\VC\bin\link.exe /ERRORREPORT:PROMPT /OUT:"C:\Users\Zehna\Documents\Visual Studio 2015\Projects\gameprojectGit\Debug\gameproject.exe" /INCREMENTAL /NOLOGO /LIBPATH:C:/SFML/lib kernel32.lib user32.lib gdi32.lib winspool.lib comdlg32.lib advapi32.lib shell32.lib ole32.lib oleaut32.lib uuid.lib odbc32.lib odbccp32.lib kernel32.lib user32.lib gdi32.lib winspool.lib comdlg32.lib advapi32.lib shell32.lib ole32.lib oleaut32.lib uuid.lib odbc32.lib odbccp32.lib "sfml-graphics-d.lib" "sfml-window-d.lib" "sfml-audio-d.lib" "sfml-system-d.lib" /MANIFEST /MANIFESTUAC:"level='asInvoker' uiAccess='false'" /manifest:embed /Debug /PDB:"C:\Users\Zehna\Documents\Visual Studio 2015\Projects\gameprojectGit\Debug\gameproject.pdb" /TLBID:1 /DYNAMICBASE /NXCOMPAT /IMPLIB:"C:\Users\Zehna\Documents\Visual Studio 2015\Projects\gameprojectGit\Debug\gameproject.lib" /MACHINE:X86 Debug\Game.obj
=======
         C:\Program Files (x86)\Microsoft Visual Studio 14.0\VC\bin\link.exe /ERRORREPORT:PROMPT /OUT:"C:\Users\Remco\Documents\GitHub\Themaopdracht-5\Debug\gameproject.exe" /INCREMENTAL /NOLOGO /LIBPATH:C:/SFML/lib kernel32.lib user32.lib gdi32.lib winspool.lib comdlg32.lib advapi32.lib shell32.lib ole32.lib oleaut32.lib uuid.lib odbc32.lib odbccp32.lib kernel32.lib user32.lib gdi32.lib winspool.lib comdlg32.lib advapi32.lib shell32.lib ole32.lib oleaut32.lib uuid.lib odbc32.lib odbccp32.lib "sfml-graphics-d.lib" "sfml-window-d.lib" "sfml-audio-d.lib" "sfml-system-d.lib" /MANIFEST /MANIFESTUAC:"level='asInvoker' uiAccess='false'" /manifest:embed /Debug /PDB:"C:\Users\Remco\Documents\GitHub\Themaopdracht-5\Debug\gameproject.pdb" /TLBID:1 /DYNAMICBASE /NXCOMPAT /IMPLIB:"C:\Users\Remco\Documents\GitHub\Themaopdracht-5\Debug\gameproject.lib" /MACHINE:X86 Debug\Game.obj
>>>>>>> master
         Debug\main.obj
         Debug\Music.obj
         Debug\Player.obj
<<<<<<< HEAD
         Debug\Sound.obj
=======
         Debug\Soldier.obj
>>>>>>> master
         Debug\Terrain.obj
         Debug\Unit.obj
         Debug\V2Functions.obj
         gameproject.vcxproj -> C:\Users\Remco\Documents\GitHub\Themaopdracht-5\Debug\gameproject.exe
     1>Done Building Project "C:\Users\Remco\Documents\GitHub\Themaopdracht-5\gameproject\gameproject.vcxproj" (Build target(s)).

Build succeeded.

<<<<<<< HEAD
Time Elapsed 00:00:01.83
=======
Time Elapsed 00:00:01.34
>>>>>>> master
